
============================================================
eBay Card Monitor - Scan Started
   2026-01-28 23:46:46
============================================================

Starting browser...
Browser ready.

Searching: Amen Thompson 150 silver PSA 9
   Max price: $31.00
   Found 68 raw listings
   ❌ No deals under $31.00

Searching: tre johnson iii d-6 refractor
   Max price: $5.00
   Found 66 raw listings
   ❌ No deals under $5.00

Searching: dylan harper d-2 refractor
   Max price: $7.00
   Found 73 raw listings
   ❌ No deals under $7.00

Searching: Stephon Castle 234 silver PSA 9
   Max price: $49.00
   Found 74 raw listings
   ❌ No deals under $49.00


============================================================
Scan Complete - Found 0 total deal(s)
============================================================

